<?xml version="1.0" encoding="UTF-8"?>
<testsuite xmlns:xsi="http://www.w3.org/2001/XMLSchema-instance" xsi:noNamespaceSchemaLocation="https://maven.apache.org/surefire/maven-surefire-plugin/xsd/surefire-test-report.xsd" version="3.0.2" name="com.cliente.projeto.crudpb.CrudPbApplicationTests" time="34.639" tests="1" errors="0" skipped="0" failures="0">
  <properties>
[...]
</properties>
  <testcase name="contextLoads" classname="com.cliente.projeto.crudpb.CrudPbApplicationTests" time="0.104">
    <system-out><![CDATA[23:15:21.192 [main] INFO org.springframework.test.context.support.AnnotationConfigContextLoaderUtils -- Could not detect default configuration classes for test class [com.cliente.projeto.crudpb.CrudPbApplicationTests]: CrudPbApplicationTests does not declare any static, non-private, non-final, nested classes annotated with @Configuration.
23:15:22.488 [main] INFO org.springframework.boot.test.context.SpringBootTestContextBootstrapper -- Found @SpringBootConfiguration com.cliente.projeto.crudpb.CrudPbApplication for test class com.cliente.projeto.crudpb.CrudPbApplicationTests
23:15:24.180 [main] INFO org.springframework.boot.devtools.restart.RestartApplicationListener -- Restart disabled due to context in which it is running

  .   ____          _            __ _ _
 /\\ / ___'_ __ _ _(_)_ __  __ _ \ \ \ \
( ( )\___ | '_ | '_| | '_ \/ _` | \ \ \ \
 \\/  ___)| |_)| | | | | || (_| |  ) ) ) )
  '  |____| .__|_| |_|_| |_\__, | / / / /
 =========|_|==============|___/=/_/_/_/

 :: Spring Boot ::                (v3.5.7)

2025-12-08T23:15:25.793-03:00  INFO 23693 --- [           main] c.c.p.crudpb.CrudPbApplicationTests      : Starting CrudPbApplicationTests using Java 17.0.9 with PID 23693 (started by willump in /mnt/Linux_Outros/Desenvolvimento/INFNET/PB/TP4/TP4/com-cliente-projeto)
2025-12-08T23:15:25.797-03:00  INFO 23693 --- [           main] c.c.p.crudpb.CrudPbApplicationTests      : No active profile set, falling back to 1 default profile: "default"
2025-12-08T23:15:31.929-03:00  INFO 23693 --- [           main] .s.d.r.c.RepositoryConfigurationDelegate : Bootstrapping Spring Data JPA repositories in DEFAULT mode.
2025-12-08T23:15:32.116-03:00  INFO 23693 --- [           main] .s.d.r.c.RepositoryConfigurationDelegate : Finished Spring Data repository scanning in 145 ms. Found 2 JPA repository interfaces.
2025-12-08T23:15:35.658-03:00  INFO 23693 --- [           main] com.zaxxer.hikari.HikariDataSource       : HikariPool-1 - Starting...
2025-12-08T23:15:37.616-03:00  INFO 23693 --- [           main] com.zaxxer.hikari.pool.HikariPool        : HikariPool-1 - Added connection conn0: url=jdbc:h2:mem:f771d305-acb6-4336-8a5b-4fa23156e290 user=SA
2025-12-08T23:15:37.631-03:00  INFO 23693 --- [           main] com.zaxxer.hikari.HikariDataSource       : HikariPool-1 - Start completed.
2025-12-08T23:15:37.882-03:00  INFO 23693 --- [           main] o.hibernate.jpa.internal.util.LogHelper  : HHH000204: Processing PersistenceUnitInfo [name: default]
2025-12-08T23:15:38.158-03:00  INFO 23693 --- [           main] org.hibernate.Version                    : HHH000412: Hibernate ORM core version 6.6.33.Final
2025-12-08T23:15:38.437-03:00  INFO 23693 --- [           main] o.h.c.internal.RegionFactoryInitiator    : HHH000026: Second-level cache disabled
2025-12-08T23:15:39.402-03:00  INFO 23693 --- [           main] o.s.o.j.p.SpringPersistenceUnitInfo      : No LoadTimeWeaver setup: ignoring JPA class transformer
2025-12-08T23:15:39.787-03:00  INFO 23693 --- [           main] org.hibernate.orm.connections.pooling    : HHH10001005: Database info:
	Database JDBC URL [Connecting through datasource 'HikariDataSource (HikariPool-1)']
	Database driver: undefined/unknown
	Database version: 2.3.232
	Autocommit mode: undefined/unknown
	Isolation level: undefined/unknown
	Minimum pool size: undefined/unknown
	Maximum pool size: undefined/unknown
2025-12-08T23:15:47.021-03:00  INFO 23693 --- [           main] o.h.e.t.j.p.i.JtaPlatformInitiator       : HHH000489: No JTA platform available (set 'hibernate.transaction.jta.platform' to enable JTA platform integration)
2025-12-08T23:15:47.236-03:00  INFO 23693 --- [           main] j.LocalContainerEntityManagerFactoryBean : Initialized JPA EntityManagerFactory for persistence unit 'default'
2025-12-08T23:15:50.037-03:00  WARN 23693 --- [           main] JpaBaseConfiguration$JpaWebConfiguration : spring.jpa.open-in-view is enabled by default. Therefore, database queries may be performed during view rendering. Explicitly configure spring.jpa.open-in-view to disable this warning
2025-12-08T23:15:54.113-03:00  INFO 23693 --- [           main] c.c.p.crudpb.CrudPbApplicationTests      : Started CrudPbApplicationTests in 30.059 seconds (process running for 52.024)
]]></system-out>
  </testcase>
</testsuite>